

Started GET "/scams" for ::1 at 2023-11-01 14:57:56 -0400
Processing by ScamsController#index as HTML
  [1m[36mScam Load (1.9ms)[0m  [1mSELECT "scams".* FROM "scams"[0m
  [1m[35mUser Load (0.5ms)[0m  SELECT "users".* FROM "users" WHERE "users"."id" IN (22, 23, 24, 25, 27)
  Rendered scams/index.html.erb within layouts/application (36.3ms)
  Rendered layouts/_flash.erb (0.4ms)
Completed 200 OK in 254ms (Views: 245.8ms | ActiveRecord: 2.9ms)


Started GET "/users/auth/google_oauth2" for ::1 at 2023-11-01 15:15:12 -0400


Started GET "/users/auth/google_oauth2/callback?state=8a2db5eabe25863a0372b2121fcd17bc8b238728617d5014&code=4%2F0AfJohXm0MfhsKF5MGXwEE4TLfqjP9VbIwXoS13JD8J-ZDKfZdHCsfRVP8THkVq8a7nnK-A&scope=email+profile+https%3A%2F%2Fwww.googleapis.com%2Fauth%2Fuserinfo.email+https%3A%2F%2Fwww.googleapis.com%2Fauth%2Fuserinfo.profile+openid&authuser=0&prompt=consent" for ::1 at 2023-11-01 15:15:15 -0400
Processing by Users::OmniauthCallbacksController#google_oauth2 as HTML
  Parameters: {"state"=>"8a2db5eabe25863a0372b2121fcd17bc8b238728617d5014", "code"=>"4/0AfJohXm0MfhsKF5MGXwEE4TLfqjP9VbIwXoS13JD8J-ZDKfZdHCsfRVP8THkVq8a7nnK-A", "scope"=>"email profile https://www.googleapis.com/auth/userinfo.email https://www.googleapis.com/auth/userinfo.profile openid", "authuser"=>"0", "prompt"=>"consent"}
  [1m[36mUser Load (0.4ms)[0m  [1mSELECT  "users".* FROM "users" WHERE "users"."email" = ?  ORDER BY "users"."id" ASC LIMIT 1[0m  [["email", "samlzx96@gmail.com"]]
Redirected to http://localhost:3000/
Completed 302 Found in 13ms (ActiveRecord: 0.4ms)


Started GET "/" for ::1 at 2023-11-01 15:15:15 -0400


Started GET "/scams" for ::1 at 2023-11-01 15:15:15 -0400
Processing by ScamsController#index as HTML
  [1m[35mScam Load (0.1ms)[0m  SELECT "scams".* FROM "scams"
  [1m[36mUser Load (0.2ms)[0m  [1mSELECT "users".* FROM "users" WHERE "users"."id" IN (22, 23, 24, 25, 27)[0m
  [1m[35mUser Load (0.1ms)[0m  SELECT  "users".* FROM "users" WHERE "users"."id" = ?  ORDER BY "users"."id" ASC LIMIT 1  [["id", 27]]
  Rendered scams/index.html.erb within layouts/application (3.9ms)
  Rendered layouts/_flash.erb (0.1ms)
Completed 200 OK in 19ms (Views: 17.9ms | ActiveRecord: 0.5ms)


Started GET "/assets/jquery.self-bd7ddd393353a8d2480a622e80342adf488fb6006d667e8b42e4c0073393abee.js?body=1" for ::1 at 2023-11-01 15:15:15 -0400


Started DELETE "/users/sign_out" for ::1 at 2023-11-01 15:15:19 -0400
Processing by Devise::SessionsController#destroy as HTML
  Parameters: {"authenticity_token"=>"P4SbwLbsyApNJwojNYb6sZST99cK/hbP3vPFVK/iXVAQiB7JFUw/dF/WR4SiJEGSw3IdWuADmuH+M7RKVA2DHw=="}
  [1m[36mUser Load (0.1ms)[0m  [1mSELECT  "users".* FROM "users" WHERE "users"."id" = ?  ORDER BY "users"."id" ASC LIMIT 1[0m  [["id", 27]]
  [1m[35m (0.1ms)[0m  begin transaction
  [1m[36m (0.0ms)[0m  [1mcommit transaction[0m
Redirected to http://localhost:3000/
Completed 302 Found in 16ms (ActiveRecord: 0.3ms)


Started GET "/" for ::1 at 2023-11-01 15:15:19 -0400


Started GET "/scams" for ::1 at 2023-11-01 15:15:19 -0400
Processing by ScamsController#index as HTML
  [1m[35mScam Load (0.2ms)[0m  SELECT "scams".* FROM "scams"
  [1m[36mUser Load (0.2ms)[0m  [1mSELECT "users".* FROM "users" WHERE "users"."id" IN (22, 23, 24, 25, 27)[0m
  Rendered scams/index.html.erb within layouts/application (2.8ms)
  Rendered layouts/_flash.erb (0.0ms)
Completed 200 OK in 12ms (Views: 10.9ms | ActiveRecord: 0.4ms)


Started GET "/users/auth/google_oauth2" for ::1 at 2023-11-01 15:15:21 -0400
  [1m[36mActiveRecord::SchemaMigration Load (0.1ms)[0m  [1mSELECT "schema_migrations".* FROM "schema_migrations"[0m
  [1m[35mActiveRecord::SchemaMigration Load (0.1ms)[0m  SELECT "schema_migrations".* FROM "schema_migrations"
  [1m[36m (0.1ms)[0m  [1m            SELECT sql
            FROM sqlite_master
            WHERE name='index_scams_on_user_id' AND type='index'
            UNION ALL
            SELECT sql
            FROM sqlite_temp_master
            WHERE name='index_scams_on_user_id' AND type='index'
[0m
  [1m[35m (0.1ms)[0m              SELECT sql
            FROM sqlite_master
            WHERE name='index_users_on_reset_password_token' AND type='index'
            UNION ALL
            SELECT sql
            FROM sqlite_temp_master
            WHERE name='index_users_on_reset_password_token' AND type='index'

  [1m[36m (0.1ms)[0m  [1m            SELECT sql
            FROM sqlite_master
            WHERE name='index_users_on_email' AND type='index'
            UNION ALL
            SELECT sql
            FROM sqlite_temp_master
            WHERE name='index_users_on_email' AND type='index'
[0m
  [1m[36m (1.2ms)[0m  [1mCREATE TABLE "scams" ("id" INTEGER PRIMARY KEY AUTOINCREMENT NOT NULL, "title" varchar, "description" text, "category" varchar, "zipcode" varchar, "url" varchar, "created_at" datetime, "updated_at" datetime, "user_id" integer) [0m
  [1m[35m (0.0ms)[0m  select sqlite_version(*)
  [1m[36m (0.8ms)[0m  [1mCREATE  INDEX "index_scams_on_user_id" ON "scams" ("user_id")[0m
  [1m[35m (0.9ms)[0m  CREATE TABLE "users" ("id" INTEGER PRIMARY KEY AUTOINCREMENT NOT NULL, "email" varchar DEFAULT '' NOT NULL, "encrypted_password" varchar DEFAULT '' NOT NULL, "reset_password_token" varchar, "reset_password_sent_at" datetime, "remember_created_at" datetime, "created_at" datetime NOT NULL, "updated_at" datetime NOT NULL) 
  [1m[36m (0.8ms)[0m  [1mCREATE UNIQUE INDEX "index_users_on_email" ON "users" ("email")[0m
  [1m[35m (0.1ms)[0m              SELECT sql
            FROM sqlite_master
            WHERE name='index_users_on_email' AND type='index'
            UNION ALL
            SELECT sql
            FROM sqlite_temp_master
            WHERE name='index_users_on_email' AND type='index'

  [1m[36m (1.0ms)[0m  [1mCREATE UNIQUE INDEX "index_users_on_reset_password_token" ON "users" ("reset_password_token")[0m
  [1m[35m (0.9ms)[0m  CREATE TABLE "schema_migrations" ("version" varchar NOT NULL) 
  [1m[36m (0.9ms)[0m  [1mCREATE UNIQUE INDEX "unique_schema_migrations" ON "schema_migrations" ("version")[0m
  [1m[35m (0.1ms)[0m  SELECT version FROM "schema_migrations"
  [1m[36m (0.8ms)[0m  [1mINSERT INTO "schema_migrations" (version) VALUES ('20231101001939')[0m
  [1m[35m (0.7ms)[0m  INSERT INTO "schema_migrations" (version) VALUES ('20231031210729')
  [1m[36m (0.9ms)[0m  [1mINSERT INTO "schema_migrations" (version) VALUES ('20231031234152')[0m


Started GET "/users/auth/google_oauth2" for ::1 at 2023-11-01 16:51:40 -0400


Started GET "/users/auth/google_oauth2/callback?state=ea9c4095138835ed4c43e3de49cd985debd7a65db671425c&code=4%2F0AfJohXmtPpMfF9IR_Xhc95YBHKnrfwXFaMfJhf71uwyyaTFHW6UDgNd_DgN0UfNL4qfEjg&scope=email+profile+https%3A%2F%2Fwww.googleapis.com%2Fauth%2Fuserinfo.email+https%3A%2F%2Fwww.googleapis.com%2Fauth%2Fuserinfo.profile+openid&authuser=0&prompt=consent" for ::1 at 2023-11-01 16:51:42 -0400
Processing by Users::OmniauthCallbacksController#google_oauth2 as HTML
  Parameters: {"state"=>"ea9c4095138835ed4c43e3de49cd985debd7a65db671425c", "code"=>"4/0AfJohXmtPpMfF9IR_Xhc95YBHKnrfwXFaMfJhf71uwyyaTFHW6UDgNd_DgN0UfNL4qfEjg", "scope"=>"email profile https://www.googleapis.com/auth/userinfo.email https://www.googleapis.com/auth/userinfo.profile openid", "authuser"=>"0", "prompt"=>"consent"}
  [1m[35mUser Load (0.2ms)[0m  SELECT  "users".* FROM "users" WHERE "users"."email" = ?  ORDER BY "users"."id" ASC LIMIT 1  [["email", "samlzx96@gmail.com"]]
Redirected to http://localhost:3000/
Completed 302 Found in 11ms (ActiveRecord: 0.9ms)


Started GET "/" for ::1 at 2023-11-01 16:51:43 -0400


Started GET "/scams" for ::1 at 2023-11-01 16:51:43 -0400
Processing by ScamsController#index as HTML
  [1m[36mScam Load (0.6ms)[0m  [1mSELECT "scams".* FROM "scams"[0m
  [1m[35mUser Load (0.2ms)[0m  SELECT "users".* FROM "users" WHERE "users"."id" IN (22, 23, 24, 25, 27)
  [1m[36mUser Load (0.1ms)[0m  [1mSELECT  "users".* FROM "users" WHERE "users"."id" = ?  ORDER BY "users"."id" ASC LIMIT 1[0m  [["id", 27]]
  Rendered scams/index.html.erb within layouts/application (10.2ms)
  Rendered layouts/_flash.erb (0.0ms)
Completed 200 OK in 115ms (Views: 111.6ms | ActiveRecord: 1.2ms)


Started DELETE "/users/sign_out" for ::1 at 2023-11-01 16:51:46 -0400
Processing by Devise::SessionsController#destroy as HTML
  Parameters: {"authenticity_token"=>"Ig04HHpJJlaSPFZ/paOXlRC4wJ10AqzjcnhSK3Q4xYeTi3AB7aigi1TM3ZzDoiwE7fzOHt1/wxSc5f5dhbGxsQ=="}
  [1m[35mUser Load (0.1ms)[0m  SELECT  "users".* FROM "users" WHERE "users"."id" = ?  ORDER BY "users"."id" ASC LIMIT 1  [["id", 27]]
  [1m[36m (0.1ms)[0m  [1mbegin transaction[0m
  [1m[35m (0.1ms)[0m  commit transaction
Redirected to http://localhost:3000/
Completed 302 Found in 7ms (ActiveRecord: 0.4ms)


Started GET "/" for ::1 at 2023-11-01 16:51:46 -0400


Started GET "/scams" for ::1 at 2023-11-01 16:51:46 -0400
Processing by ScamsController#index as HTML
  [1m[36mScam Load (0.1ms)[0m  [1mSELECT "scams".* FROM "scams"[0m
  [1m[35mUser Load (0.2ms)[0m  SELECT "users".* FROM "users" WHERE "users"."id" IN (22, 23, 24, 25, 27)
  Rendered scams/index.html.erb within layouts/application (2.2ms)
  Rendered layouts/_flash.erb (0.0ms)
Completed 200 OK in 9ms (Views: 8.0ms | ActiveRecord: 0.3ms)


Started GET "/scams" for ::1 at 2023-11-01 16:55:01 -0400
Processing by ScamsController#index as HTML
  [1m[36mScam Load (0.5ms)[0m  [1mSELECT "scams".* FROM "scams"[0m
  [1m[35mUser Load (0.1ms)[0m  SELECT "users".* FROM "users" WHERE "users"."id" IN (22, 23, 24, 25, 27)
  Rendered scams/index.html.erb within layouts/application (9.8ms)
  Rendered layouts/_flash.erb (0.1ms)
Completed 200 OK in 23ms (Views: 20.1ms | ActiveRecord: 1.0ms)


Started GET "/users/auth/google_oauth2" for ::1 at 2023-11-01 18:19:02 -0400


Started GET "/users/auth/google_oauth2/callback?state=754bfa44798baecdad40f43a84388b8edddfa12c8e86cadd&code=4%2F0AfJohXlhLYLJ2v8vJ4gYQY4vq3920CdzTRnQgx5hMnbbINMTzBIzu8dgqw6YDOn-zl-XJQ&scope=email+profile+https%3A%2F%2Fwww.googleapis.com%2Fauth%2Fuserinfo.email+https%3A%2F%2Fwww.googleapis.com%2Fauth%2Fuserinfo.profile+openid&authuser=0&prompt=consent" for ::1 at 2023-11-01 18:19:05 -0400
Processing by Users::OmniauthCallbacksController#google_oauth2 as HTML
  Parameters: {"state"=>"754bfa44798baecdad40f43a84388b8edddfa12c8e86cadd", "code"=>"4/0AfJohXlhLYLJ2v8vJ4gYQY4vq3920CdzTRnQgx5hMnbbINMTzBIzu8dgqw6YDOn-zl-XJQ", "scope"=>"email profile https://www.googleapis.com/auth/userinfo.email https://www.googleapis.com/auth/userinfo.profile openid", "authuser"=>"0", "prompt"=>"consent"}
  [1m[36mUser Load (0.2ms)[0m  [1mSELECT  "users".* FROM "users" WHERE "users"."email" = ?  ORDER BY "users"."id" ASC LIMIT 1[0m  [["email", "samlzx96@gmail.com"]]
Redirected to http://localhost:3000/
Completed 302 Found in 10ms (ActiveRecord: 0.7ms)


Started GET "/" for ::1 at 2023-11-01 18:19:05 -0400


Started GET "/scams" for ::1 at 2023-11-01 18:19:05 -0400
Processing by ScamsController#index as HTML
  [1m[35mScam Load (0.2ms)[0m  SELECT "scams".* FROM "scams"
  [1m[36mUser Load (0.2ms)[0m  [1mSELECT "users".* FROM "users" WHERE "users"."id" IN (22, 23, 24, 25, 27)[0m
  [1m[35mUser Load (0.2ms)[0m  SELECT  "users".* FROM "users" WHERE "users"."id" = ?  ORDER BY "users"."id" ASC LIMIT 1  [["id", 27]]
  Rendered scams/index.html.erb within layouts/application (13.5ms)
  Rendered layouts/_flash.erb (0.1ms)
Completed 200 OK in 43ms (Views: 39.1ms | ActiveRecord: 0.8ms)


Started GET "/scams/11" for ::1 at 2023-11-01 18:19:06 -0400
Processing by ScamsController#show as HTML
  Parameters: {"id"=>"11"}
  [1m[36mScam Load (0.3ms)[0m  [1mSELECT  "scams".* FROM "scams" WHERE "scams"."id" = ? LIMIT 1[0m  [["id", 11]]
  [1m[35mUser Load (0.2ms)[0m  SELECT  "users".* FROM "users" WHERE "users"."id" = ? LIMIT 1  [["id", 22]]
  [1m[36mUser Load (0.1ms)[0m  [1mSELECT  "users".* FROM "users" WHERE "users"."id" = ?  ORDER BY "users"."id" ASC LIMIT 1[0m  [["id", 27]]
  Rendered scams/show.html.erb within layouts/application (14.0ms)
  Rendered layouts/_flash.erb (0.1ms)
Completed 200 OK in 37ms (Views: 29.7ms | ActiveRecord: 0.6ms)


Started GET "/scams/18" for ::1 at 2023-11-01 18:19:11 -0400
Processing by ScamsController#show as HTML
  Parameters: {"id"=>"18"}
  [1m[35mScam Load (0.1ms)[0m  SELECT  "scams".* FROM "scams" WHERE "scams"."id" = ? LIMIT 1  [["id", 18]]
  [1m[36mUser Load (0.1ms)[0m  [1mSELECT  "users".* FROM "users" WHERE "users"."id" = ? LIMIT 1[0m  [["id", 27]]
  [1m[35mUser Load (0.1ms)[0m  SELECT  "users".* FROM "users" WHERE "users"."id" = ?  ORDER BY "users"."id" ASC LIMIT 1  [["id", 27]]
  Rendered scams/show.html.erb within layouts/application (2.9ms)
  Rendered layouts/_flash.erb (0.1ms)
Completed 200 OK in 21ms (Views: 19.7ms | ActiveRecord: 0.3ms)


Started GET "/scams/18/edit" for ::1 at 2023-11-01 18:19:13 -0400
Processing by ScamsController#edit as HTML
  Parameters: {"id"=>"18"}
  [1m[36mScam Load (0.1ms)[0m  [1mSELECT  "scams".* FROM "scams" WHERE "scams"."id" = ? LIMIT 1[0m  [["id", 18]]
  Rendered scams/edit.html.erb within layouts/application (24.3ms)
  [1m[35mUser Load (0.1ms)[0m  SELECT  "users".* FROM "users" WHERE "users"."id" = ?  ORDER BY "users"."id" ASC LIMIT 1  [["id", 27]]
  Rendered layouts/_flash.erb (0.1ms)
Completed 200 OK in 35ms (Views: 33.6ms | ActiveRecord: 0.2ms)


Started DELETE "/users/sign_out" for ::1 at 2023-11-01 18:19:18 -0400
Processing by Devise::SessionsController#destroy as HTML
  Parameters: {"authenticity_token"=>"Q6qkpqR1maIEoE7HpYJ6RvXFIIhv2Tp7MmO6xPgCUsQnW3+lu32Kd4q2Q4VSRiuPvN3i0RTWMqTWgwLGmQ4L+A=="}
  [1m[36mUser Load (0.1ms)[0m  [1mSELECT  "users".* FROM "users" WHERE "users"."id" = ?  ORDER BY "users"."id" ASC LIMIT 1[0m  [["id", 27]]
  [1m[35m (0.1ms)[0m  begin transaction
  [1m[36m (0.1ms)[0m  [1mcommit transaction[0m
Redirected to http://localhost:3000/
Completed 302 Found in 4ms (ActiveRecord: 0.3ms)


Started GET "/" for ::1 at 2023-11-01 18:19:18 -0400


Started GET "/scams" for ::1 at 2023-11-01 18:19:18 -0400
Processing by ScamsController#index as HTML
  [1m[35mScam Load (0.2ms)[0m  SELECT "scams".* FROM "scams"
  [1m[36mUser Load (0.2ms)[0m  [1mSELECT "users".* FROM "users" WHERE "users"."id" IN (22, 23, 24, 25, 27)[0m
  Rendered scams/index.html.erb within layouts/application (2.8ms)
  Rendered layouts/_flash.erb (0.0ms)
Completed 200 OK in 10ms (Views: 9.4ms | ActiveRecord: 0.4ms)


Started GET "/scams/18/edit" for ::1 at 2023-11-01 18:19:21 -0400
Processing by ScamsController#edit as HTML
  Parameters: {"id"=>"18"}
  [1m[35mScam Load (0.1ms)[0m  SELECT  "scams".* FROM "scams" WHERE "scams"."id" = ? LIMIT 1  [["id", 18]]
  Rendered scams/edit.html.erb within layouts/application (1.0ms)
  Rendered layouts/_flash.erb (0.1ms)
Completed 200 OK in 9ms (Views: 8.0ms | ActiveRecord: 0.1ms)


Started GET "/scams/new" for ::1 at 2023-11-01 18:19:31 -0400
Processing by ScamsController#new as HTML
  Rendered scams/new.html.erb within layouts/application (1.5ms)
  Rendered layouts/_flash.erb (0.1ms)
Completed 200 OK in 11ms (Views: 10.8ms | ActiveRecord: 0.0ms)
  [1m[36mActiveRecord::SchemaMigration Load (0.1ms)[0m  [1mSELECT "schema_migrations".* FROM "schema_migrations"[0m
Migrating to DeviseCreateUsers (20231101224809)
  [1m[35m (0.1ms)[0m  begin transaction
  [1m[36m (0.2ms)[0m  [1mCREATE TABLE "users" ("id" INTEGER PRIMARY KEY AUTOINCREMENT NOT NULL, "email" varchar DEFAULT '' NOT NULL, "encrypted_password" varchar DEFAULT '' NOT NULL, "reset_password_token" varchar, "reset_password_sent_at" datetime, "remember_created_at" datetime, "created_at" datetime NOT NULL, "updated_at" datetime NOT NULL) [0m
  [1m[35m (0.0ms)[0m  rollback transaction
  [1m[36m (1.7ms)[0m  [1mCREATE TABLE "scams" ("id" INTEGER PRIMARY KEY AUTOINCREMENT NOT NULL, "title" varchar, "description" text, "category" varchar, "zipcode" varchar, "url" varchar, "created_at" datetime, "updated_at" datetime) [0m
  [1m[35m (1.0ms)[0m  CREATE TABLE "schema_migrations" ("version" varchar NOT NULL) 
  [1m[36m (0.0ms)[0m  [1mselect sqlite_version(*)[0m
  [1m[35m (2.1ms)[0m  CREATE UNIQUE INDEX "unique_schema_migrations" ON "schema_migrations" ("version")
  [1m[36m (0.1ms)[0m  [1mSELECT version FROM "schema_migrations"[0m
  [1m[35m (0.9ms)[0m  INSERT INTO "schema_migrations" (version) VALUES ('20231101001939')
  [1m[36mActiveRecord::SchemaMigration Load (0.8ms)[0m  [1mSELECT "schema_migrations".* FROM "schema_migrations"[0m
Migrating to DeviseCreateUsers (20231101224809)
  [1m[35m (0.1ms)[0m  begin transaction
  [1m[36m (0.2ms)[0m  [1mCREATE TABLE "users" ("id" INTEGER PRIMARY KEY AUTOINCREMENT NOT NULL, "email" varchar DEFAULT '' NOT NULL, "encrypted_password" varchar DEFAULT '' NOT NULL, "reset_password_token" varchar, "reset_password_sent_at" datetime, "remember_created_at" datetime, "created_at" datetime NOT NULL, "updated_at" datetime NOT NULL) [0m
  [1m[35m (0.1ms)[0m  rollback transaction
  [1m[36mActiveRecord::SchemaMigration Load (1.1ms)[0m  [1mSELECT "schema_migrations".* FROM "schema_migrations"[0m
Migrating to DropUsers (20231101225232)
  [1m[35m (0.1ms)[0m  begin transaction
  [1m[36m (2.4ms)[0m  [1mDROP TABLE "users"[0m
  [1m[35mSQL (0.5ms)[0m  INSERT INTO "schema_migrations" ("version") VALUES (?)  [["version", "20231101225232"]]
  [1m[36m (0.9ms)[0m  [1mcommit transaction[0m
  [1m[35mActiveRecord::SchemaMigration Load (0.1ms)[0m  SELECT "schema_migrations".* FROM "schema_migrations"
  [1m[36m (0.1ms)[0m  [1m            SELECT sql
            FROM sqlite_master
            WHERE name='index_scams_on_user_id' AND type='index'
            UNION ALL
            SELECT sql
            FROM sqlite_temp_master
            WHERE name='index_scams_on_user_id' AND type='index'
[0m
  [1m[36mActiveRecord::SchemaMigration Load (0.1ms)[0m  [1mSELECT "schema_migrations".* FROM "schema_migrations"[0m
  [1m[35mActiveRecord::SchemaMigration Load (0.1ms)[0m  SELECT "schema_migrations".* FROM "schema_migrations"
  [1m[36m (0.1ms)[0m  [1m            SELECT sql
            FROM sqlite_master
            WHERE name='index_scams_on_user_id' AND type='index'
            UNION ALL
            SELECT sql
            FROM sqlite_temp_master
            WHERE name='index_scams_on_user_id' AND type='index'
[0m
  [1m[36m (2.6ms)[0m  [1mCREATE TABLE "schema_migrations" ("version" varchar NOT NULL) [0m
  [1m[35m (0.1ms)[0m  select sqlite_version(*)
  [1m[36m (3.1ms)[0m  [1mCREATE UNIQUE INDEX "unique_schema_migrations" ON "schema_migrations" ("version")[0m
  [1m[35mActiveRecord::SchemaMigration Load (0.2ms)[0m  SELECT "schema_migrations".* FROM "schema_migrations"
  [1m[36mActiveRecord::SchemaMigration Load (0.1ms)[0m  [1mSELECT "schema_migrations".* FROM "schema_migrations"[0m
  [1m[36mActiveRecord::SchemaMigration Load (0.7ms)[0m  [1mSELECT "schema_migrations".* FROM "schema_migrations"[0m
Migrating to CreateScams (20231101231406)
  [1m[35m (0.1ms)[0m  begin transaction
  [1m[36m (0.6ms)[0m  [1mCREATE TABLE "scams" ("id" INTEGER PRIMARY KEY AUTOINCREMENT NOT NULL, "title" varchar, "description" text, "category" varchar, "zipcode" varchar, "url" varchar, "user" varchar) [0m
  [1m[35mSQL (0.2ms)[0m  INSERT INTO "schema_migrations" ("version") VALUES (?)  [["version", "20231101231406"]]
  [1m[36m (0.8ms)[0m  [1mcommit transaction[0m
  [1m[35mActiveRecord::SchemaMigration Load (0.1ms)[0m  SELECT "schema_migrations".* FROM "schema_migrations"
  [1m[36mActiveRecord::SchemaMigration Load (0.1ms)[0m  [1mSELECT "schema_migrations".* FROM "schema_migrations"[0m
  [1m[35m (0.1ms)[0m  begin transaction
  [1m[36mSQL (0.4ms)[0m  [1mINSERT INTO "scams" ("title", "description", "category", "zipcode", "url") VALUES (?, ?, ?, ?, ?)[0m  [["title", "Scam Report 1: Email Scam"], ["description", "Received a call saying I won a prize and needed to provide credit card info to claim."], ["category", "phone"], ["zipcode", "10000"], ["url", "https://assets.pokemon.com/assets/cms2/img/pokedex/full/133.png"]]
  [1m[35m (0.8ms)[0m  commit transaction
  [1m[36m (0.0ms)[0m  [1mbegin transaction[0m
  [1m[35mSQL (0.2ms)[0m  INSERT INTO "scams" ("title", "description", "category", "zipcode", "url") VALUES (?, ?, ?, ?, ?)  [["title", "Scam Report 2: Email Scam"], ["description", "An email claiming to be from a bank, asking to click on a suspicious link to verify the account."], ["category", "social media"], ["zipcode", "10001"], ["url", "https://assets.pokemon.com/assets/cms2/img/pokedex/full/134.png"]]
  [1m[36m (0.7ms)[0m  [1mcommit transaction[0m
  [1m[35m (0.0ms)[0m  begin transaction
  [1m[36mSQL (0.2ms)[0m  [1mINSERT INTO "scams" ("title", "description", "category", "zipcode", "url") VALUES (?, ?, ?, ?, ?)[0m  [["title", "Scam Report 3: Social media Scam"], ["description", "A message on social media from an unknown profile promising easy money with a small investment."], ["category", "email"], ["zipcode", "10002"], ["url", "https://assets.pokemon.com/assets/cms2/img/pokedex/full/135.png"]]
  [1m[35m (0.8ms)[0m  commit transaction
  [1m[36m (0.0ms)[0m  [1mbegin transaction[0m
  [1m[35mSQL (0.4ms)[0m  INSERT INTO "scams" ("title", "description", "category", "zipcode", "url") VALUES (?, ?, ?, ?, ?)  [["title", "Scam Report 4: Phone Scam"], ["description", "Phone call from 'IRS' claiming there's a lawsuit against me and demanding immediate payment."], ["category", "email"], ["zipcode", "10003"], ["url", "https://assets.pokemon.com/assets/cms2/img/pokedex/full/136.png"]]
  [1m[36m (0.7ms)[0m  [1mcommit transaction[0m
  [1m[35m (0.0ms)[0m  begin transaction
  [1m[36mSQL (0.2ms)[0m  [1mINSERT INTO "scams" ("title", "description", "category", "zipcode", "url") VALUES (?, ?, ?, ?, ?)[0m  [["title", "Scam Report 5: Social media Scam"], ["description", "Email received with an attachment, claiming to be an invoice for a service I never used."], ["category", "social media"], ["zipcode", "10004"], ["url", "https://assets.pokemon.com/assets/cms2/img/pokedex/full/137.png"]]
  [1m[35m (1.0ms)[0m  commit transaction


Started GET "/" for ::1 at 2023-11-01 19:15:33 -0400


Started GET "/scams" for ::1 at 2023-11-01 19:15:34 -0400
Processing by ScamsController#index as HTML
  [1m[36mScam Load (3.2ms)[0m  [1mSELECT "scams".* FROM "scams"[0m
  Rendered scams/index.html.erb within layouts/application (33.6ms)
  Rendered layouts/_flash.erb (0.4ms)
Completed 200 OK in 283ms (Views: 240.7ms | ActiveRecord: 3.6ms)


Started GET "/scams/1" for ::1 at 2023-11-01 19:15:45 -0400
Processing by ScamsController#show as HTML
  Parameters: {"id"=>"1"}
  [1m[35mScam Load (0.2ms)[0m  SELECT  "scams".* FROM "scams" WHERE "scams"."id" = ? LIMIT 1  [["id", 1]]
  Rendered scams/show.html.erb within layouts/application (1.3ms)
  Rendered layouts/_flash.erb (0.1ms)
Completed 200 OK in 18ms (Views: 11.3ms | ActiveRecord: 0.2ms)


Started GET "/scams/new" for ::1 at 2023-11-01 19:15:55 -0400
Processing by ScamsController#new as HTML
  Rendered scams/new.html.erb within layouts/application (18.8ms)
  Rendered layouts/_flash.erb (0.1ms)
Completed 200 OK in 32ms (Views: 32.2ms | ActiveRecord: 0.0ms)


Started GET "/scams/5" for ::1 at 2023-11-01 19:21:26 -0400
Processing by ScamsController#show as HTML
  Parameters: {"id"=>"5"}
  [1m[36mScam Load (0.2ms)[0m  [1mSELECT  "scams".* FROM "scams" WHERE "scams"."id" = ? LIMIT 1[0m  [["id", 5]]
  Rendered scams/show.html.erb within layouts/application (0.7ms)
  Rendered layouts/_flash.erb (0.1ms)
Completed 200 OK in 25ms (Views: 24.0ms | ActiveRecord: 0.2ms)


Started GET "/scams/5/edit" for ::1 at 2023-11-01 19:21:33 -0400
Processing by ScamsController#edit as HTML
  Parameters: {"id"=>"5"}
  [1m[35mScam Load (0.1ms)[0m  SELECT  "scams".* FROM "scams" WHERE "scams"."id" = ? LIMIT 1  [["id", 5]]
  Rendered scams/edit.html.erb within layouts/application (5.8ms)
  Rendered layouts/_flash.erb (0.1ms)
Completed 200 OK in 17ms (Views: 16.6ms | ActiveRecord: 0.1ms)
  [1m[36m (3.0ms)[0m  [1mCREATE TABLE "scams" ("id" INTEGER PRIMARY KEY AUTOINCREMENT NOT NULL, "title" varchar, "description" text, "category" varchar, "zipcode" varchar, "url" varchar, "user" varchar) [0m
  [1m[35m (1.0ms)[0m  CREATE TABLE "schema_migrations" ("version" varchar NOT NULL) 
  [1m[36m (0.0ms)[0m  [1mselect sqlite_version(*)[0m
  [1m[35m (0.9ms)[0m  CREATE UNIQUE INDEX "unique_schema_migrations" ON "schema_migrations" ("version")
  [1m[36m (0.1ms)[0m  [1mSELECT version FROM "schema_migrations"[0m
  [1m[35m (0.9ms)[0m  INSERT INTO "schema_migrations" (version) VALUES ('20231101231406')


Started GET "/scams" for ::1 at 2023-11-01 19:30:09 -0400
Processing by ScamsController#index as HTML
  [1m[36mScam Load (0.4ms)[0m  [1mSELECT "scams".* FROM "scams"[0m
  Rendered scams/index.html.erb within layouts/application (2.6ms)
  Rendered layouts/_flash.erb (0.1ms)
Completed 200 OK in 39ms (Views: 38.2ms | ActiveRecord: 0.4ms)


Started GET "/scams/5" for ::1 at 2023-11-01 19:30:11 -0400
Processing by ScamsController#show as HTML
  Parameters: {"id"=>"5"}
  [1m[35mScam Load (0.1ms)[0m  SELECT  "scams".* FROM "scams" WHERE "scams"."id" = ? LIMIT 1  [["id", 5]]
  Rendered scams/show.html.erb within layouts/application (0.5ms)
  Rendered layouts/_flash.erb (0.1ms)
Completed 200 OK in 9ms (Views: 8.1ms | ActiveRecord: 0.1ms)


Started GET "/scams" for ::1 at 2023-11-01 19:36:22 -0400
Processing by ScamsController#index as HTML
  [1m[36mScam Load (0.3ms)[0m  [1mSELECT "scams".* FROM "scams"[0m
  Rendered scams/index.html.erb within layouts/application (2.1ms)
  Rendered layouts/_flash.erb (0.1ms)
Completed 200 OK in 16ms (Views: 15.6ms | ActiveRecord: 0.3ms)


Started GET "/scams/5" for ::1 at 2023-11-01 19:37:23 -0400
Processing by ScamsController#show as HTML
  Parameters: {"id"=>"5"}
  [1m[35mScam Load (0.2ms)[0m  SELECT  "scams".* FROM "scams" WHERE "scams"."id" = ? LIMIT 1  [["id", 5]]
  Rendered scams/show.html.erb within layouts/application (3.5ms)
  Rendered layouts/_flash.erb (0.1ms)
Completed 200 OK in 16ms (Views: 15.3ms | ActiveRecord: 0.2ms)


Started DELETE "/scams/5" for ::1 at 2023-11-01 19:37:25 -0400
Processing by ScamsController#destroy as HTML
  Parameters: {"authenticity_token"=>"J7UzcR55YY4JNckdghvcqStQGpDhOsmYDvYa3S0GIcosuzE5xXGhUre/KmxCGz2KlqckQzL5m1l8+CDwR8n5Mg==", "id"=>"5"}
  [1m[36mScam Load (0.1ms)[0m  [1mSELECT  "scams".* FROM "scams" WHERE "scams"."id" = ? LIMIT 1[0m  [["id", 5]]
  [1m[35m (0.2ms)[0m  begin transaction
  [1m[36mSQL (0.4ms)[0m  [1mDELETE FROM "scams" WHERE "scams"."id" = ?[0m  [["id", 5]]
  [1m[35m (0.9ms)[0m  commit transaction
Redirected to http://localhost:3000/scams
Completed 302 Found in 5ms (ActiveRecord: 1.6ms)


Started GET "/scams" for ::1 at 2023-11-01 19:37:25 -0400
Processing by ScamsController#index as HTML
  [1m[36mScam Load (0.8ms)[0m  [1mSELECT "scams".* FROM "scams"[0m
  Rendered scams/index.html.erb within layouts/application (2.3ms)
  Rendered layouts/_flash.erb (0.0ms)
Completed 200 OK in 9ms (Views: 8.2ms | ActiveRecord: 0.8ms)


Started GET "/scams/new" for ::1 at 2023-11-01 19:40:17 -0400
Processing by ScamsController#new as HTML
  Rendered scams/new.html.erb within layouts/application (5.3ms)
  Rendered layouts/_flash.erb (0.1ms)
Completed 200 OK in 21ms (Views: 20.7ms | ActiveRecord: 0.0ms)


Started GET "/scams" for ::1 at 2023-11-01 20:20:36 -0400
Processing by ScamsController#index as HTML
  [1m[35mScam Load (2.0ms)[0m  SELECT "scams".* FROM "scams"
  Rendered scams/index.html.erb within layouts/application (12.9ms)
  Rendered layouts/_flash.erb (0.1ms)
Completed 200 OK in 53ms (Views: 37.0ms | ActiveRecord: 2.4ms)


Started GET "/scams/new" for ::1 at 2023-11-01 20:20:37 -0400
Processing by ScamsController#new as HTML
  Rendered scams/new.html.erb within layouts/application (1.9ms)
  Rendered layouts/_flash.erb (0.0ms)
Completed 200 OK in 11ms (Views: 10.5ms | ActiveRecord: 0.0ms)


Started GET "/scams" for ::1 at 2023-11-01 20:20:38 -0400
Processing by ScamsController#index as HTML
  [1m[36mScam Load (0.2ms)[0m  [1mSELECT "scams".* FROM "scams"[0m
  Rendered scams/index.html.erb within layouts/application (1.6ms)
  Rendered layouts/_flash.erb (0.1ms)
Completed 200 OK in 14ms (Views: 13.4ms | ActiveRecord: 0.2ms)


Started GET "/scams/1" for ::1 at 2023-11-01 20:20:39 -0400
Processing by ScamsController#show as HTML
  Parameters: {"id"=>"1"}
  [1m[35mScam Load (0.2ms)[0m  SELECT  "scams".* FROM "scams" WHERE "scams"."id" = ? LIMIT 1  [["id", 1]]
  Rendered scams/show.html.erb within layouts/application (0.5ms)
  Rendered layouts/_flash.erb (0.0ms)
Completed 200 OK in 10ms (Views: 7.9ms | ActiveRecord: 0.2ms)
